[2025-02-01 23:13:15] local.ERROR: Class "App\Providers\AppServiceProvider" not found {"exception":"[object] (Error(code: 0): Class \"App\\Providers\\AppServiceProvider\" not found at E:\\xampp-8\\htdocs\\Project\\vendor\\laravel\\framework\\src\\Illuminate\\Foundation\\Application.php:961)
[stacktrace]
#0 E:\\xampp-8\\htdocs\\Project\\vendor\\laravel\\framework\\src\\Illuminate\\Foundation\\Application.php(893): Illuminate\\Foundation\\Application->resolveProvider('App\\\\Providers\\\\A...')
#1 E:\\xampp-8\\htdocs\\Project\\vendor\\laravel\\framework\\src\\Illuminate\\Foundation\\ProviderRepository.php(75): Illuminate\\Foundation\\Application->register('App\\\\Providers\\\\A...')
#2 E:\\xampp-8\\htdocs\\Project\\vendor\\laravel\\framework\\src\\Illuminate\\Foundation\\Application.php(871): Illuminate\\Foundation\\ProviderRepository->load(Array)
#3 E:\\xampp-8\\htdocs\\Project\\vendor\\laravel\\framework\\src\\Illuminate\\Foundation\\Bootstrap\\RegisterProviders.php(37): Illuminate\\Foundation\\Application->registerConfiguredProviders()
#4 E:\\xampp-8\\htdocs\\Project\\vendor\\laravel\\framework\\src\\Illuminate\\Foundation\\Application.php(342): Illuminate\\Foundation\\Bootstrap\\RegisterProviders->bootstrap(Object(Illuminate\\Foundation\\Application))
#5 E:\\xampp-8\\htdocs\\Project\\vendor\\laravel\\framework\\src\\Illuminate\\Foundation\\Console\\Kernel.php(474): Illuminate\\Foundation\\Application->bootstrapWith(Array)
#6 E:\\xampp-8\\htdocs\\Project\\vendor\\laravel\\framework\\src\\Illuminate\\Foundation\\Console\\Kernel.php(196): Illuminate\\Foundation\\Console\\Kernel->bootstrap()
#7 E:\\xampp-8\\htdocs\\Project\\vendor\\laravel\\framework\\src\\Illuminate\\Foundation\\Application.php(1231): Illuminate\\Foundation\\Console\\Kernel->handle(Object(Symfony\\Component\\Console\\Input\\ArgvInput), Object(Symfony\\Component\\Console\\Output\\ConsoleOutput))
#8 E:\\xampp-8\\htdocs\\Project\\core.avinertech.com\\MicroServices\\manager.avinertech.com\\artisan(13): Illuminate\\Foundation\\Application->handleCommand(Object(Symfony\\Component\\Console\\Input\\ArgvInput))
#9 {main}
"} 
[2025-02-01 23:13:39] local.ERROR: file_get_contents(E:\xampp-8\htdocs\Project\core.avinertech.com\MicroServices\manager.avinertech.com\composer.json): Failed to open stream: No such file or directory {"exception":"[object] (ErrorException(code: 0): file_get_contents(E:\\xampp-8\\htdocs\\Project\\core.avinertech.com\\MicroServices\\manager.avinertech.com\\composer.json): Failed to open stream: No such file or directory at E:\\xampp-8\\htdocs\\Project\\vendor\\laravel\\framework\\src\\Illuminate\\Foundation\\Application.php:1703)
[stacktrace]
#0 E:\\xampp-8\\htdocs\\Project\\vendor\\laravel\\framework\\src\\Illuminate\\Foundation\\Bootstrap\\HandleExceptions.php(256): Illuminate\\Foundation\\Bootstrap\\HandleExceptions->handleError(2, 'file_get_conten...', 'E:\\\\xampp-8\\\\htdo...', 1703)
#1 [internal function]: Illuminate\\Foundation\\Bootstrap\\HandleExceptions->Illuminate\\Foundation\\Bootstrap\\{closure}(2, 'file_get_conten...', 'E:\\\\xampp-8\\\\htdo...', 1703)
#2 E:\\xampp-8\\htdocs\\Project\\vendor\\laravel\\framework\\src\\Illuminate\\Foundation\\Application.php(1703): file_get_contents('E:\\\\xampp-8\\\\htdo...')
#3 E:\\xampp-8\\htdocs\\Project\\vendor\\laravel\\framework\\src\\Illuminate\\Foundation\\Console\\Kernel.php(368): Illuminate\\Foundation\\Application->getNamespace()
#4 E:\\xampp-8\\htdocs\\Project\\vendor\\laravel\\framework\\src\\Illuminate\\Foundation\\Console\\Kernel.php(498): Illuminate\\Foundation\\Console\\Kernel->load(Array)
#5 E:\\xampp-8\\htdocs\\Project\\vendor\\laravel\\framework\\src\\Illuminate\\Foundation\\Console\\Kernel.php(483): Illuminate\\Foundation\\Console\\Kernel->discoverCommands()
#6 E:\\xampp-8\\htdocs\\Project\\vendor\\laravel\\framework\\src\\Illuminate\\Foundation\\Console\\Kernel.php(196): Illuminate\\Foundation\\Console\\Kernel->bootstrap()
#7 E:\\xampp-8\\htdocs\\Project\\vendor\\laravel\\framework\\src\\Illuminate\\Foundation\\Application.php(1231): Illuminate\\Foundation\\Console\\Kernel->handle(Object(Symfony\\Component\\Console\\Input\\ArgvInput), Object(Symfony\\Component\\Console\\Output\\ConsoleOutput))
#8 E:\\xampp-8\\htdocs\\Project\\core.avinertech.com\\MicroServices\\manager.avinertech.com\\artisan(13): Illuminate\\Foundation\\Application->handleCommand(Object(Symfony\\Component\\Console\\Input\\ArgvInput))
#9 {main}
"} 
[2025-02-01 23:14:41] local.ERROR: Unable to detect application namespace. {"exception":"[object] (RuntimeException(code: 0): Unable to detect application namespace. at E:\\xampp-8\\htdocs\\Project\\vendor\\laravel\\framework\\src\\Illuminate\\Foundation\\Application.php:1713)
[stacktrace]
#0 E:\\xampp-8\\htdocs\\Project\\vendor\\laravel\\framework\\src\\Illuminate\\Foundation\\Console\\Kernel.php(368): Illuminate\\Foundation\\Application->getNamespace()
#1 E:\\xampp-8\\htdocs\\Project\\vendor\\laravel\\framework\\src\\Illuminate\\Foundation\\Console\\Kernel.php(498): Illuminate\\Foundation\\Console\\Kernel->load(Array)
#2 E:\\xampp-8\\htdocs\\Project\\vendor\\laravel\\framework\\src\\Illuminate\\Foundation\\Console\\Kernel.php(483): Illuminate\\Foundation\\Console\\Kernel->discoverCommands()
#3 E:\\xampp-8\\htdocs\\Project\\vendor\\laravel\\framework\\src\\Illuminate\\Foundation\\Console\\Kernel.php(196): Illuminate\\Foundation\\Console\\Kernel->bootstrap()
#4 E:\\xampp-8\\htdocs\\Project\\vendor\\laravel\\framework\\src\\Illuminate\\Foundation\\Application.php(1231): Illuminate\\Foundation\\Console\\Kernel->handle(Object(Symfony\\Component\\Console\\Input\\ArgvInput), Object(Symfony\\Component\\Console\\Output\\ConsoleOutput))
#5 E:\\xampp-8\\htdocs\\Project\\core.avinertech.com\\MicroServices\\manager.avinertech.com\\artisan(13): Illuminate\\Foundation\\Application->handleCommand(Object(Symfony\\Component\\Console\\Input\\ArgvInput))
#6 {main}
"} 
[2025-02-01 23:16:20] local.ERROR: Unable to detect application namespace. {"exception":"[object] (RuntimeException(code: 0): Unable to detect application namespace. at E:\\xampp-8\\htdocs\\Project\\vendor\\laravel\\framework\\src\\Illuminate\\Foundation\\Application.php:1713)
[stacktrace]
#0 E:\\xampp-8\\htdocs\\Project\\vendor\\laravel\\framework\\src\\Illuminate\\Foundation\\Console\\Kernel.php(368): Illuminate\\Foundation\\Application->getNamespace()
#1 E:\\xampp-8\\htdocs\\Project\\vendor\\laravel\\framework\\src\\Illuminate\\Foundation\\Console\\Kernel.php(498): Illuminate\\Foundation\\Console\\Kernel->load(Array)
#2 E:\\xampp-8\\htdocs\\Project\\vendor\\laravel\\framework\\src\\Illuminate\\Foundation\\Console\\Kernel.php(483): Illuminate\\Foundation\\Console\\Kernel->discoverCommands()
#3 E:\\xampp-8\\htdocs\\Project\\vendor\\laravel\\framework\\src\\Illuminate\\Foundation\\Console\\Kernel.php(196): Illuminate\\Foundation\\Console\\Kernel->bootstrap()
#4 E:\\xampp-8\\htdocs\\Project\\vendor\\laravel\\framework\\src\\Illuminate\\Foundation\\Application.php(1231): Illuminate\\Foundation\\Console\\Kernel->handle(Object(Symfony\\Component\\Console\\Input\\ArgvInput), Object(Symfony\\Component\\Console\\Output\\ConsoleOutput))
#5 E:\\xampp-8\\htdocs\\Project\\core.avinertech.com\\MicroServices\\manager.avinertech.com\\artisan(13): Illuminate\\Foundation\\Application->handleCommand(Object(Symfony\\Component\\Console\\Input\\ArgvInput))
#6 {main}
"} 
[2025-02-01 23:17:59] local.ERROR: Unable to locate a class or view for component [laravel-exceptions-renderer::card]. {"exception":"[object] (InvalidArgumentException(code: 0): Unable to locate a class or view for component [laravel-exceptions-renderer::card]. at E:\\xampp-8\\htdocs\\Project\\vendor\\laravel\\framework\\src\\Illuminate\\View\\Compilers\\ComponentTagCompiler.php:316)
[stacktrace]
#0 E:\\xampp-8\\htdocs\\Project\\vendor\\laravel\\framework\\src\\Illuminate\\View\\Compilers\\ComponentTagCompiler.php(236): Illuminate\\View\\Compilers\\ComponentTagCompiler->componentClass('laravel-excepti...')
#1 E:\\xampp-8\\htdocs\\Project\\vendor\\laravel\\framework\\src\\Illuminate\\View\\Compilers\\ComponentTagCompiler.php(157): Illuminate\\View\\Compilers\\ComponentTagCompiler->componentString('laravel-excepti...', Array)
#2 [internal function]: Illuminate\\View\\Compilers\\ComponentTagCompiler->Illuminate\\View\\Compilers\\{closure}(Array)
#3 E:\\xampp-8\\htdocs\\Project\\vendor\\laravel\\framework\\src\\Illuminate\\View\\Compilers\\ComponentTagCompiler.php(152): preg_replace_callback('/\\n            <...', Object(Closure), '@use('Illuminat...')
#4 E:\\xampp-8\\htdocs\\Project\\vendor\\laravel\\framework\\src\\Illuminate\\View\\Compilers\\ComponentTagCompiler.php(91): Illuminate\\View\\Compilers\\ComponentTagCompiler->compileOpeningTags('@use('Illuminat...')
#5 E:\\xampp-8\\htdocs\\Project\\vendor\\laravel\\framework\\src\\Illuminate\\View\\Compilers\\ComponentTagCompiler.php(77): Illuminate\\View\\Compilers\\ComponentTagCompiler->compileTags('@use('Illuminat...')
#6 E:\\xampp-8\\htdocs\\Project\\vendor\\laravel\\framework\\src\\Illuminate\\View\\Compilers\\BladeCompiler.php(440): Illuminate\\View\\Compilers\\ComponentTagCompiler->compile('@use('Illuminat...')
#7 E:\\xampp-8\\htdocs\\Project\\vendor\\laravel\\framework\\src\\Illuminate\\View\\Compilers\\BladeCompiler.php(272): Illuminate\\View\\Compilers\\BladeCompiler->compileComponentTags('@use('Illuminat...')
#8 E:\\xampp-8\\htdocs\\Project\\vendor\\laravel\\framework\\src\\Illuminate\\View\\Compilers\\BladeCompiler.php(186): Illuminate\\View\\Compilers\\BladeCompiler->compileString('@use('Illuminat...')
#9 E:\\xampp-8\\htdocs\\Project\\vendor\\laravel\\framework\\src\\Illuminate\\Foundation\\Console\\ViewCacheCommand.php(64): Illuminate\\View\\Compilers\\BladeCompiler->compile('E:\\\\xampp-8\\\\htdo...')
#10 [internal function]: Illuminate\\Foundation\\Console\\ViewCacheCommand->Illuminate\\Foundation\\Console\\{closure}(Object(Symfony\\Component\\Finder\\SplFileInfo), 'E:\\\\xampp-8\\\\htdo...')
#11 E:\\xampp-8\\htdocs\\Project\\vendor\\laravel\\framework\\src\\Illuminate\\Collections\\Arr.php(609): array_map(Object(Closure), Array, Array)
#12 E:\\xampp-8\\htdocs\\Project\\vendor\\laravel\\framework\\src\\Illuminate\\Collections\\Collection.php(799): Illuminate\\Support\\Arr::map(Array, Object(Closure))
#13 E:\\xampp-8\\htdocs\\Project\\vendor\\laravel\\framework\\src\\Illuminate\\Foundation\\Console\\ViewCacheCommand.php(61): Illuminate\\Support\\Collection->map(Object(Closure))
#14 E:\\xampp-8\\htdocs\\Project\\vendor\\laravel\\framework\\src\\Illuminate\\Foundation\\Console\\ViewCacheCommand.php(43): Illuminate\\Foundation\\Console\\ViewCacheCommand->compileViews(Object(Illuminate\\Support\\Collection))
#15 E:\\xampp-8\\htdocs\\Project\\vendor\\laravel\\framework\\src\\Illuminate\\Collections\\Traits\\EnumeratesValues.php(259): Illuminate\\Foundation\\Console\\ViewCacheCommand->Illuminate\\Foundation\\Console\\{closure}('E:\\\\xampp-8\\\\htdo...', 2)
#16 E:\\xampp-8\\htdocs\\Project\\vendor\\laravel\\framework\\src\\Illuminate\\Foundation\\Console\\ViewCacheCommand.php(38): Illuminate\\Support\\Collection->each(Object(Closure))
#17 E:\\xampp-8\\htdocs\\Project\\vendor\\laravel\\framework\\src\\Illuminate\\Container\\BoundMethod.php(36): Illuminate\\Foundation\\Console\\ViewCacheCommand->handle()
#18 E:\\xampp-8\\htdocs\\Project\\vendor\\laravel\\framework\\src\\Illuminate\\Container\\Util.php(43): Illuminate\\Container\\BoundMethod::Illuminate\\Container\\{closure}()
#19 E:\\xampp-8\\htdocs\\Project\\vendor\\laravel\\framework\\src\\Illuminate\\Container\\BoundMethod.php(95): Illuminate\\Container\\Util::unwrapIfClosure(Object(Closure))
#20 E:\\xampp-8\\htdocs\\Project\\vendor\\laravel\\framework\\src\\Illuminate\\Container\\BoundMethod.php(35): Illuminate\\Container\\BoundMethod::callBoundMethod(Object(Illuminate\\Foundation\\Application), Array, Object(Closure))
#21 E:\\xampp-8\\htdocs\\Project\\vendor\\laravel\\framework\\src\\Illuminate\\Container\\Container.php(694): Illuminate\\Container\\BoundMethod::call(Object(Illuminate\\Foundation\\Application), Array, Array, NULL)
#22 E:\\xampp-8\\htdocs\\Project\\vendor\\laravel\\framework\\src\\Illuminate\\Console\\Command.php(213): Illuminate\\Container\\Container->call(Array)
#23 E:\\xampp-8\\htdocs\\Project\\vendor\\symfony\\console\\Command\\Command.php(279): Illuminate\\Console\\Command->execute(Object(Symfony\\Component\\Console\\Input\\ArrayInput), Object(Illuminate\\Console\\OutputStyle))
#24 E:\\xampp-8\\htdocs\\Project\\vendor\\laravel\\framework\\src\\Illuminate\\Console\\Command.php(182): Symfony\\Component\\Console\\Command\\Command->run(Object(Symfony\\Component\\Console\\Input\\ArrayInput), Object(Illuminate\\Console\\OutputStyle))
#25 E:\\xampp-8\\htdocs\\Project\\vendor\\laravel\\framework\\src\\Illuminate\\Console\\Concerns\\CallsCommands.php(68): Illuminate\\Console\\Command->run(Object(Symfony\\Component\\Console\\Input\\ArrayInput), Object(Symfony\\Component\\Console\\Output\\NullOutput))
#26 E:\\xampp-8\\htdocs\\Project\\vendor\\laravel\\framework\\src\\Illuminate\\Console\\Concerns\\CallsCommands.php(41): Illuminate\\Console\\Command->runCommand('view:cache', Array, Object(Symfony\\Component\\Console\\Output\\NullOutput))
#27 E:\\xampp-8\\htdocs\\Project\\vendor\\laravel\\framework\\src\\Illuminate\\Console\\Concerns\\CallsCommands.php(53): Illuminate\\Console\\Command->callSilent('view:cache', Array)
#28 E:\\xampp-8\\htdocs\\Project\\vendor\\laravel\\framework\\src\\Illuminate\\Foundation\\Console\\OptimizeCommand.php(48): Illuminate\\Console\\Command->callSilently('view:cache')
#29 E:\\xampp-8\\htdocs\\Project\\vendor\\laravel\\framework\\src\\Illuminate\\Console\\View\\Components\\Task.php(40): Illuminate\\Foundation\\Console\\OptimizeCommand->Illuminate\\Foundation\\Console\\{closure}()
#30 E:\\xampp-8\\htdocs\\Project\\vendor\\laravel\\framework\\src\\Illuminate\\Console\\View\\Components\\Factory.php(60): Illuminate\\Console\\View\\Components\\Task->render('views', Object(Closure))
#31 E:\\xampp-8\\htdocs\\Project\\vendor\\laravel\\framework\\src\\Illuminate\\Foundation\\Console\\OptimizeCommand.php(48): Illuminate\\Console\\View\\Components\\Factory->__call('task', Array)
#32 E:\\xampp-8\\htdocs\\Project\\vendor\\laravel\\framework\\src\\Illuminate\\Container\\BoundMethod.php(36): Illuminate\\Foundation\\Console\\OptimizeCommand->handle()
#33 E:\\xampp-8\\htdocs\\Project\\vendor\\laravel\\framework\\src\\Illuminate\\Container\\Util.php(43): Illuminate\\Container\\BoundMethod::Illuminate\\Container\\{closure}()
#34 E:\\xampp-8\\htdocs\\Project\\vendor\\laravel\\framework\\src\\Illuminate\\Container\\BoundMethod.php(95): Illuminate\\Container\\Util::unwrapIfClosure(Object(Closure))
#35 E:\\xampp-8\\htdocs\\Project\\vendor\\laravel\\framework\\src\\Illuminate\\Container\\BoundMethod.php(35): Illuminate\\Container\\BoundMethod::callBoundMethod(Object(Illuminate\\Foundation\\Application), Array, Object(Closure))
#36 E:\\xampp-8\\htdocs\\Project\\vendor\\laravel\\framework\\src\\Illuminate\\Container\\Container.php(694): Illuminate\\Container\\BoundMethod::call(Object(Illuminate\\Foundation\\Application), Array, Array, NULL)
#37 E:\\xampp-8\\htdocs\\Project\\vendor\\laravel\\framework\\src\\Illuminate\\Console\\Command.php(213): Illuminate\\Container\\Container->call(Array)
#38 E:\\xampp-8\\htdocs\\Project\\vendor\\symfony\\console\\Command\\Command.php(279): Illuminate\\Console\\Command->execute(Object(Symfony\\Component\\Console\\Input\\ArgvInput), Object(Illuminate\\Console\\OutputStyle))
#39 E:\\xampp-8\\htdocs\\Project\\vendor\\laravel\\framework\\src\\Illuminate\\Console\\Command.php(182): Symfony\\Component\\Console\\Command\\Command->run(Object(Symfony\\Component\\Console\\Input\\ArgvInput), Object(Illuminate\\Console\\OutputStyle))
#40 E:\\xampp-8\\htdocs\\Project\\vendor\\symfony\\console\\Application.php(1094): Illuminate\\Console\\Command->run(Object(Symfony\\Component\\Console\\Input\\ArgvInput), Object(Symfony\\Component\\Console\\Output\\ConsoleOutput))
#41 E:\\xampp-8\\htdocs\\Project\\vendor\\symfony\\console\\Application.php(342): Symfony\\Component\\Console\\Application->doRunCommand(Object(Illuminate\\Foundation\\Console\\OptimizeCommand), Object(Symfony\\Component\\Console\\Input\\ArgvInput), Object(Symfony\\Component\\Console\\Output\\ConsoleOutput))
#42 E:\\xampp-8\\htdocs\\Project\\vendor\\symfony\\console\\Application.php(193): Symfony\\Component\\Console\\Application->doRun(Object(Symfony\\Component\\Console\\Input\\ArgvInput), Object(Symfony\\Component\\Console\\Output\\ConsoleOutput))
#43 E:\\xampp-8\\htdocs\\Project\\vendor\\laravel\\framework\\src\\Illuminate\\Foundation\\Console\\Kernel.php(198): Symfony\\Component\\Console\\Application->run(Object(Symfony\\Component\\Console\\Input\\ArgvInput), Object(Symfony\\Component\\Console\\Output\\ConsoleOutput))
#44 E:\\xampp-8\\htdocs\\Project\\vendor\\laravel\\framework\\src\\Illuminate\\Foundation\\Application.php(1231): Illuminate\\Foundation\\Console\\Kernel->handle(Object(Symfony\\Component\\Console\\Input\\ArgvInput), Object(Symfony\\Component\\Console\\Output\\ConsoleOutput))
#45 E:\\xampp-8\\htdocs\\Project\\core.avinertech.com\\MicroServices\\manager.avinertech.com\\artisan(13): Illuminate\\Foundation\\Application->handleCommand(Object(Symfony\\Component\\Console\\Input\\ArgvInput))
#46 {main}
"} 
