[2025-04-26 13:39:48] local.ERROR: symlink(): No such file or directory {"exception":"[object] (ErrorException(code: 0): symlink(): No such file or directory at /var/www/sites/Project/vendor/laravel/framework/src/Illuminate/Filesystem/Filesystem.php:355)
[stacktrace]
#0 /var/www/sites/Project/vendor/laravel/framework/src/Illuminate/Foundation/Bootstrap/HandleExceptions.php(256): Illuminate\\Foundation\\Bootstrap\\HandleExceptions->handleError()
#1 [internal function]: Illuminate\\Foundation\\Bootstrap\\HandleExceptions->Illuminate\\Foundation\\Bootstrap\\{closure}()
#2 /var/www/sites/Project/vendor/laravel/framework/src/Illuminate/Filesystem/Filesystem.php(355): symlink()
#3 /var/www/sites/Project/vendor/laravel/framework/src/Illuminate/Foundation/Console/StorageLinkCommand.php(49): Illuminate\\Filesystem\\Filesystem->link()
#4 /var/www/sites/Project/vendor/laravel/framework/src/Illuminate/Container/BoundMethod.php(36): Illuminate\\Foundation\\Console\\StorageLinkCommand->handle()
#5 /var/www/sites/Project/vendor/laravel/framework/src/Illuminate/Container/Util.php(43): Illuminate\\Container\\BoundMethod::Illuminate\\Container\\{closure}()
#6 /var/www/sites/Project/vendor/laravel/framework/src/Illuminate/Container/BoundMethod.php(95): Illuminate\\Container\\Util::unwrapIfClosure()
#7 /var/www/sites/Project/vendor/laravel/framework/src/Illuminate/Container/BoundMethod.php(35): Illuminate\\Container\\BoundMethod::callBoundMethod()
#8 /var/www/sites/Project/vendor/laravel/framework/src/Illuminate/Container/Container.php(694): Illuminate\\Container\\BoundMethod::call()
#9 /var/www/sites/Project/vendor/laravel/framework/src/Illuminate/Console/Command.php(213): Illuminate\\Container\\Container->call()
#10 /var/www/sites/Project/vendor/symfony/console/Command/Command.php(279): Illuminate\\Console\\Command->execute()
#11 /var/www/sites/Project/vendor/laravel/framework/src/Illuminate/Console/Command.php(182): Symfony\\Component\\Console\\Command\\Command->run()
#12 /var/www/sites/Project/vendor/symfony/console/Application.php(1094): Illuminate\\Console\\Command->run()
#13 /var/www/sites/Project/vendor/symfony/console/Application.php(342): Symfony\\Component\\Console\\Application->doRunCommand()
#14 /var/www/sites/Project/vendor/symfony/console/Application.php(193): Symfony\\Component\\Console\\Application->doRun()
#15 /var/www/sites/Project/vendor/laravel/framework/src/Illuminate/Foundation/Console/Kernel.php(198): Symfony\\Component\\Console\\Application->run()
#16 /var/www/sites/Project/vendor/laravel/framework/src/Illuminate/Foundation/Application.php(1231): Illuminate\\Foundation\\Console\\Kernel->handle()
#17 /var/www/sites/Project/tenant.avinertech.com/Applications/mirza-autos.avinertech.com/artisan(30): Illuminate\\Foundation\\Application->handleCommand()
#18 {main}
"} 
[2025-04-26 13:40:11] local.ERROR: The "/var/www/sites/Project/tenant.avinertech.com/mirza-autos.avinertech.com/resources/views" directory does not exist. {"exception":"[object] (Symfony\\Component\\Finder\\Exception\\DirectoryNotFoundException(code: 0): The \"/var/www/sites/Project/tenant.avinertech.com/mirza-autos.avinertech.com/resources/views\" directory does not exist. at /var/www/sites/Project/vendor/symfony/finder/Finder.php:646)
[stacktrace]
#0 /var/www/sites/Project/vendor/laravel/framework/src/Illuminate/Foundation/Console/ViewCacheCommand.php(88): Symfony\\Component\\Finder\\Finder->in()
#1 /var/www/sites/Project/vendor/laravel/framework/src/Illuminate/Foundation/Console/ViewCacheCommand.php(43): Illuminate\\Foundation\\Console\\ViewCacheCommand->bladeFilesIn()
#2 /var/www/sites/Project/vendor/laravel/framework/src/Illuminate/Collections/Traits/EnumeratesValues.php(259): Illuminate\\Foundation\\Console\\ViewCacheCommand->Illuminate\\Foundation\\Console\\{closure}()
#3 /var/www/sites/Project/vendor/laravel/framework/src/Illuminate/Foundation/Console/ViewCacheCommand.php(38): Illuminate\\Support\\Collection->each()
#4 /var/www/sites/Project/vendor/laravel/framework/src/Illuminate/Container/BoundMethod.php(36): Illuminate\\Foundation\\Console\\ViewCacheCommand->handle()
#5 /var/www/sites/Project/vendor/laravel/framework/src/Illuminate/Container/Util.php(43): Illuminate\\Container\\BoundMethod::Illuminate\\Container\\{closure}()
#6 /var/www/sites/Project/vendor/laravel/framework/src/Illuminate/Container/BoundMethod.php(95): Illuminate\\Container\\Util::unwrapIfClosure()
#7 /var/www/sites/Project/vendor/laravel/framework/src/Illuminate/Container/BoundMethod.php(35): Illuminate\\Container\\BoundMethod::callBoundMethod()
#8 /var/www/sites/Project/vendor/laravel/framework/src/Illuminate/Container/Container.php(694): Illuminate\\Container\\BoundMethod::call()
#9 /var/www/sites/Project/vendor/laravel/framework/src/Illuminate/Console/Command.php(213): Illuminate\\Container\\Container->call()
#10 /var/www/sites/Project/vendor/symfony/console/Command/Command.php(279): Illuminate\\Console\\Command->execute()
#11 /var/www/sites/Project/vendor/laravel/framework/src/Illuminate/Console/Command.php(182): Symfony\\Component\\Console\\Command\\Command->run()
#12 /var/www/sites/Project/vendor/laravel/framework/src/Illuminate/Console/Concerns/CallsCommands.php(68): Illuminate\\Console\\Command->run()
#13 /var/www/sites/Project/vendor/laravel/framework/src/Illuminate/Console/Concerns/CallsCommands.php(41): Illuminate\\Console\\Command->runCommand()
#14 /var/www/sites/Project/vendor/laravel/framework/src/Illuminate/Console/Concerns/CallsCommands.php(53): Illuminate\\Console\\Command->callSilent()
#15 /var/www/sites/Project/vendor/laravel/framework/src/Illuminate/Foundation/Console/OptimizeCommand.php(48): Illuminate\\Console\\Command->callSilently()
#16 /var/www/sites/Project/vendor/laravel/framework/src/Illuminate/Console/View/Components/Task.php(40): Illuminate\\Foundation\\Console\\OptimizeCommand->Illuminate\\Foundation\\Console\\{closure}()
#17 /var/www/sites/Project/vendor/laravel/framework/src/Illuminate/Console/View/Components/Factory.php(60): Illuminate\\Console\\View\\Components\\Task->render()
#18 /var/www/sites/Project/vendor/laravel/framework/src/Illuminate/Foundation/Console/OptimizeCommand.php(48): Illuminate\\Console\\View\\Components\\Factory->__call()
#19 /var/www/sites/Project/vendor/laravel/framework/src/Illuminate/Container/BoundMethod.php(36): Illuminate\\Foundation\\Console\\OptimizeCommand->handle()
#20 /var/www/sites/Project/vendor/laravel/framework/src/Illuminate/Container/Util.php(43): Illuminate\\Container\\BoundMethod::Illuminate\\Container\\{closure}()
#21 /var/www/sites/Project/vendor/laravel/framework/src/Illuminate/Container/BoundMethod.php(95): Illuminate\\Container\\Util::unwrapIfClosure()
#22 /var/www/sites/Project/vendor/laravel/framework/src/Illuminate/Container/BoundMethod.php(35): Illuminate\\Container\\BoundMethod::callBoundMethod()
#23 /var/www/sites/Project/vendor/laravel/framework/src/Illuminate/Container/Container.php(694): Illuminate\\Container\\BoundMethod::call()
#24 /var/www/sites/Project/vendor/laravel/framework/src/Illuminate/Console/Command.php(213): Illuminate\\Container\\Container->call()
#25 /var/www/sites/Project/vendor/symfony/console/Command/Command.php(279): Illuminate\\Console\\Command->execute()
#26 /var/www/sites/Project/vendor/laravel/framework/src/Illuminate/Console/Command.php(182): Symfony\\Component\\Console\\Command\\Command->run()
#27 /var/www/sites/Project/vendor/symfony/console/Application.php(1094): Illuminate\\Console\\Command->run()
#28 /var/www/sites/Project/vendor/symfony/console/Application.php(342): Symfony\\Component\\Console\\Application->doRunCommand()
#29 /var/www/sites/Project/vendor/symfony/console/Application.php(193): Symfony\\Component\\Console\\Application->doRun()
#30 /var/www/sites/Project/vendor/laravel/framework/src/Illuminate/Foundation/Console/Kernel.php(198): Symfony\\Component\\Console\\Application->run()
#31 /var/www/sites/Project/vendor/laravel/framework/src/Illuminate/Foundation/Application.php(1231): Illuminate\\Foundation\\Console\\Kernel->handle()
#32 /var/www/sites/Project/tenant.avinertech.com/Applications/mirza-autos.avinertech.com/artisan(30): Illuminate\\Foundation\\Application->handleCommand()
#33 {main}
"} 
